# JRE version: Java(TM) SE Runtime Environment (8.0_191-b12) (build 1.8.0_191-b12)
# Java VM: Java HotSpot(TM) 64-Bit Server VM (25.191-b12 mixed mode windows-amd64 compressed oops)
Heap:
 PSYoungGen      total 1693184K, used 419809K [0x00000006c0000000, 0x0000000743500000, 0x00000007c0000000)
  eden space 1611264K, 20% used [0x00000006c0000000,0x00000006d49fb750,0x0000000722580000)
  from space 81920K, 99% used [0x0000000722580000,0x000000072757d040,0x0000000727580000)
  to   space 92160K, 0% used [0x000000073db00000,0x000000073db00000,0x0000000743500000)
 ParOldGen       total 585728K, used 214411K [0x00000004c0000000, 0x00000004e3c00000, 0x00000006c0000000)
  object space 585728K, 36% used [0x00000004c0000000,0x00000004cd162ec8,0x00000004e3c00000)
 Metaspace       used 80111K, capacity 81970K, committed 82344K, reserved 1116160K
  class space    used 14355K, capacity 15149K, committed 15272K, reserved 1048576K
GC Heap History (10 events):
Event: 32.068 GC heap before
{Heap before GC invocations=14 (full 2):
 PSYoungGen      total 1083392K, used 1042311K [0x00000006c0000000, 0x0000000717300000, 0x00000007c0000000)
  eden space 1005568K, 100% used [0x00000006c0000000,0x00000006fd600000,0x00000006fd600000)
  from space 77824K, 47% used [0x00000006fd600000,0x00000006ff9e1fb8,0x0000000702200000)
  to   space 75264K, 0% used [0x0000000712980000,0x0000000712980000,0x0000000717300000)
 ParOldGen       total 378368K, used 158743K [0x00000004c0000000, 0x00000004d7180000, 0x00000006c0000000)
  object space 378368K, 41% used [0x00000004c0000000,0x00000004c9b05ef8,0x00000004d7180000)
 Metaspace       used 50767K, capacity 51324K, committed 51752K, reserved 1093632K
  class space    used 7525K, capacity 7690K, committed 7720K, reserved 1048576K
Event: 32.164 GC heap after
Heap after GC invocations=14 (full 2):
 PSYoungGen      total 1350144K, used 58687K [0x00000006c0000000, 0x0000000719200000, 0x00000007c0000000)
  eden space 1274880K, 0% used [0x00000006c0000000,0x00000006c0000000,0x000000070dd00000)
  from space 75264K, 77% used [0x0000000712980000,0x00000007162cfe90,0x0000000717300000)
  to   space 78336K, 0% used [0x000000070dd00000,0x000000070dd00000,0x0000000712980000)
 ParOldGen       total 378368K, used 181511K [0x00000004c0000000, 0x00000004d7180000, 0x00000006c0000000)
  object space 378368K, 47% used [0x00000004c0000000,0x00000004cb141e90,0x00000004d7180000)
 Metaspace       used 50767K, capacity 51324K, committed 51752K, reserved 1093632K
  class space    used 7525K, capacity 7690K, committed 7720K, reserved 1048576K
}
Event: 36.618 GC heap before
{Heap before GC invocations=15 (full 2):
 PSYoungGen      total 1350144K, used 1123653K [0x00000006c0000000, 0x0000000719200000, 0x00000007c0000000)
  eden space 1274880K, 83% used [0x00000006c0000000,0x00000007010016e8,0x000000070dd00000)
  from space 75264K, 77% used [0x0000000712980000,0x00000007162cfe90,0x0000000717300000)
  to   space 78336K, 0% used [0x000000070dd00000,0x000000070dd00000,0x0000000712980000)
 ParOldGen       total 378368K, used 181511K [0x00000004c0000000, 0x00000004d7180000, 0x00000006c0000000)
  object space 378368K, 47% used [0x00000004c0000000,0x00000004cb141e90,0x00000004d7180000)
 Metaspace       used 58003K, capacity 58796K, committed 59160K, reserved 1099776K
  class space    used 9058K, capacity 9314K, committed 9384K, reserved 1048576K
Event: 36.684 GC heap after
Heap after GC invocations=15 (full 2):
 PSYoungGen      total 1353216K, used 36510K [0x00000006c0000000, 0x000000072cd80000, 0x00000007c0000000)
  eden space 1274880K, 0% used [0x00000006c0000000,0x00000006c0000000,0x000000070dd00000)
  from space 78336K, 46% used [0x000000070dd00000,0x00000007100a79c8,0x0000000712980000)
  to   space 75776K, 0% used [0x0000000728380000,0x0000000728380000,0x000000072cd80000)
 ParOldGen       total 378368K, used 221552K [0x00000004c0000000, 0x00000004d7180000, 0x00000006c0000000)
  object space 378368K, 58% used [0x00000004c0000000,0x00000004cd85c148,0x00000004d7180000)
 Metaspace       used 58003K, capacity 58796K, committed 59160K, reserved 1099776K
  class space    used 9058K, capacity 9314K, committed 9384K, reserved 1048576K
}
Event: 36.684 GC heap before
{Heap before GC invocations=16 (full 3):
 PSYoungGen      total 1353216K, used 36510K [0x00000006c0000000, 0x000000072cd80000, 0x00000007c0000000)
  eden space 1274880K, 0% used [0x00000006c0000000,0x00000006c0000000,0x000000070dd00000)
  from space 78336K, 46% used [0x000000070dd00000,0x00000007100a79c8,0x0000000712980000)
  to   space 75776K, 0% used [0x0000000728380000,0x0000000728380000,0x000000072cd80000)
 ParOldGen       total 378368K, used 221552K [0x00000004c0000000, 0x00000004d7180000, 0x00000006c0000000)
  object space 378368K, 58% used [0x00000004c0000000,0x00000004cd85c148,0x00000004d7180000)
 Metaspace       used 58003K, capacity 58796K, committed 59160K, reserved 1099776K
  class space    used 9058K, capacity 9314K, committed 9384K, reserved 1048576K
Event: 37.310 GC heap after
Heap after GC invocations=16 (full 3):
 PSYoungGen      total 1353216K, used 0K [0x00000006c0000000, 0x000000072cd80000, 0x00000007c0000000)
  eden space 1274880K, 0% used [0x00000006c0000000,0x00000006c0000000,0x000000070dd00000)
  from space 78336K, 0% used [0x000000070dd00000,0x000000070dd00000,0x0000000712980000)
  to   space 75776K, 0% used [0x0000000728380000,0x0000000728380000,0x000000072cd80000)
 ParOldGen       total 585728K, used 213588K [0x00000004c0000000, 0x00000004e3c00000, 0x00000006c0000000)
  object space 585728K, 36% used [0x00000004c0000000,0x00000004cd0950f8,0x00000004e3c00000)
 Metaspace       used 58003K, capacity 58796K, committed 59160K, reserved 1099776K
  class space    used 9058K, capacity 9314K, committed 9384K, reserved 1048576K
}
Event: 40.747 GC heap before
{Heap before GC invocations=17 (full 3):
 PSYoungGen      total 1353216K, used 1274880K [0x00000006c0000000, 0x000000072cd80000, 0x00000007c0000000)
  eden space 1274880K, 100% used [0x00000006c0000000,0x000000070dd00000,0x000000070dd00000)
  from space 78336K, 0% used [0x000000070dd00000,0x000000070dd00000,0x0000000712980000)
  to   space 75776K, 0% used [0x0000000728380000,0x0000000728380000,0x000000072cd80000)
 ParOldGen       total 585728K, used 213588K [0x00000004c0000000, 0x00000004e3c00000, 0x00000006c0000000)
  object space 585728K, 36% used [0x00000004c0000000,0x00000004cd0950f8,0x00000004e3c00000)
 Metaspace       used 69042K, capacity 70332K, committed 70440K, reserved 1107968K
  class space    used 11114K, capacity 11554K, committed 11560K, reserved 1048576K
Event: 40.800 GC heap after
Heap after GC invocations=17 (full 3):
 PSYoungGen      total 1654272K, used 67554K [0x00000006c0000000, 0x000000072c580000, 0x00000007c0000000)
  eden space 1586688K, 0% used [0x00000006c0000000,0x00000006c0000000,0x0000000720d80000)
  from space 67584K, 99% used [0x0000000728380000,0x000000072c578a68,0x000000072c580000)
  to   space 81920K, 0% used [0x0000000722580000,0x0000000722580000,0x0000000727580000)
 ParOldGen       total 585728K, used 213588K [0x00000004c0000000, 0x00000004e3c00000, 0x00000006c0000000)
  object space 585728K, 36% used [0x00000004c0000000,0x00000004cd0950f8,0x00000004e3c00000)
 Metaspace       used 69042K, capacity 70332K, committed 70440K, reserved 1107968K
  class space    used 11114K, capacity 11554K, committed 11560K, reserved 1048576K
}
Event: 43.943 GC heap before
{Heap before GC invocations=18 (full 3):
 PSYoungGen      total 1654272K, used 1654242K [0x00000006c0000000, 0x000000072c580000, 0x00000007c0000000)
  eden space 1586688K, 100% used [0x00000006c0000000,0x0000000720d80000,0x0000000720d80000)
  from space 67584K, 99% used [0x0000000728380000,0x000000072c578a68,0x000000072c580000)
  to   space 81920K, 0% used [0x0000000722580000,0x0000000722580000,0x0000000727580000)
 ParOldGen       total 585728K, used 213588K [0x00000004c0000000, 0x00000004e3c00000, 0x00000006c0000000)
  object space 585728K, 36% used [0x00000004c0000000,0x00000004cd0950f8,0x00000004e3c00000)
 Metaspace       used 79150K, capacity 80928K, committed 81192K, reserved 1116160K
  class space    used 14278K, capacity 15066K, committed 15144K, reserved 1048576K
Event: 43.999 GC heap after
Heap after GC invocations=18 (full 3):
 PSYoungGen      total 1693184K, used 81908K [0x00000006c0000000, 0x0000000743500000, 0x00000007c0000000)
  eden space 1611264K, 0% used [0x00000006c0000000,0x00000006c0000000,0x0000000722580000)
  from space 81920K, 99% used [0x0000000722580000,0x000000072757d040,0x0000000727580000)
  to   space 92160K, 0% used [0x000000073db00000,0x000000073db00000,0x0000000743500000)
 ParOldGen       total 585728K, used 214411K [0x00000004c0000000, 0x00000004e3c00000, 0x00000006c0000000)
  object space 585728K, 36% used [0x00000004c0000000,0x00000004cd162ec8,0x00000004e3c00000)
 Metaspace       used 79150K, capacity 80928K, committed 81192K, reserved 1116160K
  class space    used 14278K, capacity 15066K, committed 15144K, reserved 1048576K
}

